15:53:19.347 [main                     ] DEBUG Logger               - Configured Logger
15:53:19.383 [main                     ] DEBUG GameApplication      - Logging settings
Title: Geometry Wars
Version: 0.0
Width: 800
Height: 600
Fullscreen: false
Intro: false
Profiling: false
Single step:false
App Mode: DEVELOPER
Menu Key: ESCAPE
Stage Style: DECORATED
Scene Factory: class com.almasb.fxgl.app.scene.SceneFactory

15:53:19.945 [JavaFX Application Thread] DEBUG FXGLApplication      - Initializing FXGL
15:53:19.952 [JavaFX Application Thread] INFO  Engine               - FXGL-17.2 (20.08.2022 16.50) on WINDOWS (J:17.0.6 FX:17.0.2-ea)
15:53:19.953 [JavaFX Application Thread] DEBUG Engine               - JRE Vendor Name: Oracle Corporation
15:53:19.953 [JavaFX Application Thread] DEBUG Engine               - Running on OS: Windows 10 version 10.0
15:53:19.953 [JavaFX Application Thread] DEBUG Engine               - Architecture: amd64
15:53:19.954 [JavaFX Application Thread] INFO  Engine               - Source code and latest versions at: https://github.com/AlmasB/FXGL
15:53:19.954 [JavaFX Application Thread] INFO  Engine               -       Ask questions and discuss at: https://github.com/AlmasB/FXGL/discussions
15:53:19.954 [JavaFX Application Thread] INFO  Engine               -              Join the FXGL chat at: https://gitter.im/AlmasB/FXGL
15:53:20.136 [JavaFX Application Thread] DEBUG PrimaryStageWindow   - Creating a JavaFX scene
15:53:20.248 [JavaFX Application Thread] DEBUG PrimaryStageWindow   - Target settings size: 800.0 x 600.0
15:53:20.249 [JavaFX Application Thread] DEBUG PrimaryStageWindow   - Scaled scene size:    800.0 x 600.0
15:53:20.249 [JavaFX Application Thread] DEBUG PrimaryStageWindow   - Scaled ratio: (1.0, 1.0)
15:53:20.251 [JavaFX Application Thread] DEBUG PrimaryStageWindow   - Set initial scene to FXGLStartupScene
15:53:20.262 [JavaFX Application Thread] DEBUG PrimaryStageWindow   - Opening main window
15:53:20.358 [JavaFX Application Thread] DEBUG PrimaryStageWindow   - Window border size: (16.0, 39.0)
15:53:20.358 [JavaFX Application Thread] DEBUG PrimaryStageWindow   - Scaled size: 800.0 x 600.0
15:53:20.358 [JavaFX Application Thread] DEBUG PrimaryStageWindow   - Scaled ratio: (1.0, 1.0)
15:53:20.359 [JavaFX Application Thread] DEBUG PrimaryStageWindow   - Scene size: 800.0 x 600.0
15:53:20.359 [JavaFX Application Thread] DEBUG PrimaryStageWindow   - Stage size: 816.0 x 639.0
15:53:20.368 [FXGL Background Thread 1 ] DEBUG Engine               - Initializing environment variables
15:53:20.411 [FXGL Background Thread 1 ] DEBUG FXGLAssetLoaderServi - User app class for loading assets: class com.example.fxgltest.GeoWarsApp
15:53:20.411 [FXGL Background Thread 1 ] DEBUG GameApplicationServi - Applying CSS: fxgl_dark.css
15:53:20.412 [FXGL Background Thread 1 ] DEBUG FXGLAssetLoaderServi - Loading from file system: jar:file:/C:/Users/phuon/.m2/repository/com/github/almasb/fxgl/17.2/fxgl-17.2.jar!/fxglassets/ui/css/fxgl_dark.css
15:53:20.493 [FXGL Background Thread 1 ] DEBUG GameApplicationServi - Initializing application scenes
15:53:20.623 [FXGL Background Thread 1 ] DEBUG GameWorld            - Game world initialized
15:53:20.696 [FXGL Background Thread 1 ] DEBUG PhysicsWorld         - Physics world initialized: appHeight=600, physics.ppm=50.0
15:53:20.696 [FXGL Background Thread 1 ] DEBUG PhysicsWorld         - Using strategy: BRUTE_FORCE
15:53:20.705 [FXGL Background Thread 1 ] DEBUG GameScene            - Game scene initialized: 800x600
15:53:20.724 [FXGL Background Thread 1 ] DEBUG FXGL.DefaultMenu     - createMenuBodyGameMenu()
15:53:20.745 [FXGL Background Thread 1 ] DEBUG FXGL.DefaultMenu     - createOptionsMenu()
15:53:20.761 [FXGL Background Thread 1 ] DEBUG FXGLAssetLoaderServi - Loading from file system: jar:file:/C:/Users/phuon/.m2/repository/com/github/almasb/fxgl/17.2/fxgl-17.2.jar!/fxglassets/textures/particles/smoke.png
15:53:20.883 [FXGL Background Thread 1 ] DEBUG FXGLAssetLoaderServi - Loading from file system: jar:file:/C:/Users/phuon/.m2/repository/com/github/almasb/fxgl/17.2/fxgl-17.2.jar!/fxglassets/textures/particles/trace_horizontal.png
15:53:20.918 [FXGL Background Thread 1 ] DEBUG GameApplicationServi - Application scenes initialized
15:53:20.934 [FXGL Background Thread 1 ] DEBUG SystemBundleService  - Loading FXGL system data
15:53:20.940 [FXGL Background Thread 1 ] DEBUG FileSystemAccess     - Reading from: D:\java\Test\FXGLTest\system\fxgl.bundle
15:53:20.950 [FXGL Background Thread 1 ] DEBUG SystemBundleService  - Bundle FXGL: {}
15:53:20.950 [FXGL Background Thread 1 ] DEBUG UpdaterService       - Checking for updates
15:53:20.957 [FXGL Background Thread 1 ] DEBUG FXGLApplication      - Loading default localization
15:53:20.957 [FXGL Background Thread 1 ] DEBUG FXGLAssetLoaderServi - Loading from file system: jar:file:/C:/Users/phuon/.m2/repository/com/github/almasb/fxgl/17.2/fxgl-17.2.jar!/fxglassets/languages/english.lang
15:53:20.977 [FXGL Background Thread 1 ] INFO  FXGLApplication      - FXGL initialization took: 0.609 sec
15:53:20.989 [JavaFX Application Thread] DEBUG Input                - Registered new binding: action0 - W
15:53:20.990 [JavaFX Application Thread] DEBUG Input                - Registered new binding: action1 - S
15:53:20.990 [JavaFX Application Thread] DEBUG Input                - Registered new binding: action2 - A
15:53:20.990 [JavaFX Application Thread] DEBUG Input                - Registered new binding: action3 - D
15:53:20.993 [JavaFX Application Thread] DEBUG Input                - Registered new binding: action4 - LMB
15:53:20.993 [JavaFX Application Thread] DEBUG FXGLAssetLoaderServi - Loading from file system: jar:file:/C:/Users/phuon/.m2/repository/com/github/almasb/fxgl/17.2/fxgl-17.2.jar!/fxglassets/textures/fxgl_icon.png
15:53:21.015 [FXGL Background Thread 4 ] DEBUG FXGLApplication      - Loading fonts
15:53:21.015 [FXGL Background Thread 4 ] DEBUG FXGLAssetLoaderServi - Loading from file system: jar:file:/C:/Users/phuon/.m2/repository/com/github/almasb/fxgl/17.2/fxgl-17.2.jar!/fxglassets/ui/fonts/VarelaRound-Regular.ttf
15:53:21.018 [JavaFX Application Thread] DEBUG FXGLAssetLoaderServi - Loading from file system: jar:file:/C:/Users/phuon/.m2/repository/com/github/almasb/fxgl/17.2/fxgl-17.2.jar!/fxglassets/textures/fxgl_default_cursor.png
15:53:21.021 [JavaFX Application Thread] DEBUG Input                - Registered new binding: Screenshot - CTRL+8
15:53:21.022 [JavaFX Application Thread] DEBUG Input                - Registered new binding: System info dump - CTRL+9
15:53:21.022 [JavaFX Application Thread] DEBUG Input                - Registered new binding: Restart - CTRL+R
15:53:21.023 [JavaFX Application Thread] DEBUG Input                - Registered new binding: Toggle Debug Camera - CTRL+7
15:53:21.025 [JavaFX Application Thread] DEBUG LoopRunner           - Starting loop
15:53:21.026 [JavaFX Application Thread] DEBUG LoopRunner           - Initializing JavaFX AnimationTimerLoop
15:53:21.027 [JavaFX Application Thread] DEBUG GameApplicationServi - Starting new game
15:53:21.028 [JavaFX Application Thread] DEBUG Input                - Clearing active input actions
15:53:21.046 [JavaFX Application Thread] DEBUG GameApplicationServi - Removing overlay from FXGLStartupScene and adding to FXGLLoadingScene
15:53:21.047 [JavaFX Application Thread] DEBUG PrimaryStageWindow   - FXGLStartupScene -> FXGLLoadingScene
15:53:21.047 [JavaFX Application Thread] DEBUG GameApplicationServi - Clearing previous game
15:53:21.047 [JavaFX Application Thread] DEBUG GameScene            - Clearing game scene
15:53:21.047 [JavaFX Application Thread] DEBUG GameWorld            - Clearing game world
15:53:21.047 [JavaFX Application Thread] DEBUG PhysicsWorld         - Clearing physics world
15:53:21.049 [FXGL Background Thread 1 ] DEBUG FXGLApplication      - Initializing game
15:53:21.095 [FXGL Background Thread 1 ] INFO  FXGLApplication      - Game initialization took: 0.046 sec
15:53:21.111 [JavaFX Application Thread] DEBUG Input                - Clearing active input actions
15:53:21.165 [JavaFX Application Thread] DEBUG GameApplicationServi - Removing overlay from FXGLLoadingScene and adding to GameScene
15:53:21.165 [JavaFX Application Thread] DEBUG PrimaryStageWindow   - FXGLLoadingScene -> GameScene
15:53:21.355 [FXGL Background Thread 4 ] DEBUG FXGLAssetLoaderServi - Loading from file system: jar:file:/C:/Users/phuon/.m2/repository/com/github/almasb/fxgl/17.2/fxgl-17.2.jar!/fxglassets/ui/fonts/Abel-Regular.ttf
15:53:21.360 [FXGL Background Thread 4 ] DEBUG FXGLAssetLoaderServi - Loading from file system: jar:file:/C:/Users/phuon/.m2/repository/com/github/almasb/fxgl/17.2/fxgl-17.2.jar!/fxglassets/ui/fonts/TerminalLandMono-Regular.otf
15:53:21.365 [FXGL Background Thread 4 ] DEBUG FXGLAssetLoaderServi - Loading from file system: jar:file:/C:/Users/phuon/.m2/repository/com/github/almasb/fxgl/17.2/fxgl-17.2.jar!/fxglassets/ui/fonts/Courier-Prime.ttf
15:53:21.381 [JavaFX Application Thread] DEBUG FXGLApplication      - Registering font factories with UI factory
15:53:22.552 [JavaFX Application Thread] DEBUG FXGLAssetLoaderServi - Loading from file system: file:/D:/java/Test/FXGLTest/target/classes/assets/textures/enemy1.png
15:53:23.958 [FXGL Background Thread 3 ] DEBUG Engine               - Logging environment variables
15:53:23.958 [FXGL Background Thread 3 ] DEBUG Engine               - achievements: []
15:53:23.959 [FXGL Background Thread 3 ] DEBUG Engine               - actualHeight: 600.0
15:53:23.959 [FXGL Background Thread 3 ] DEBUG Engine               - actualHeightProperty: ReadOnlyDoubleProperty [value: 600.0]
15:53:23.959 [FXGL Background Thread 3 ] DEBUG Engine               - actualWidth: 800.0
15:53:23.959 [FXGL Background Thread 3 ] DEBUG Engine               - actualWidthProperty: ReadOnlyDoubleProperty [value: 800.0]
15:53:23.959 [FXGL Background Thread 3 ] DEBUG Engine               - appIcon: fxgl_icon.png
15:53:23.959 [FXGL Background Thread 3 ] DEBUG Engine               - applicationMode: DEVELOPER
15:53:23.959 [FXGL Background Thread 3 ] DEBUG Engine               - cSSList: [fxgl_dark.css]
15:53:23.959 [FXGL Background Thread 3 ] DEBUG Engine               - collisionDetectionStrategy: BRUTE_FORCE
15:53:23.959 [FXGL Background Thread 3 ] DEBUG Engine               - configClass: Optional.empty
15:53:23.959 [FXGL Background Thread 3 ] DEBUG Engine               - credits: []
15:53:23.960 [FXGL Background Thread 3 ] DEBUG Engine               - defaultCursor: CursorInfo(imageName=fxgl_default_cursor.png, hotspotX=7.0, hotspotY=6.0)
15:53:23.960 [FXGL Background Thread 3 ] DEBUG Engine               - devBBoxColorProperty: ObjectProperty [value: 0xff0000ff]
15:53:23.960 [FXGL Background Thread 3 ] DEBUG Engine               - devEnableDebugCameraProperty: BooleanProperty [value: false]
15:53:23.960 [FXGL Background Thread 3 ] DEBUG Engine               - devSensorColorProperty: ObjectProperty [value: 0xffff00ff]
15:53:23.960 [FXGL Background Thread 3 ] DEBUG Engine               - devShowBBoxProperty: BooleanProperty [value: false]
15:53:23.960 [FXGL Background Thread 3 ] DEBUG Engine               - devShowPositionProperty: BooleanProperty [value: false]
15:53:23.961 [FXGL Background Thread 3 ] DEBUG Engine               - enabledMenuItems: []
15:53:23.961 [FXGL Background Thread 3 ] DEBUG Engine               - engineServices: [class com.almasb.fxgl.app.services.FXGLAssetLoaderService, class com.almasb.fxgl.app.FXGLApplication$GameApplicationService, class com.almasb.fxgl.app.services.FXGLDialogService, class com.almasb.fxgl.app.services.IOTaskExecutorService, class com.almasb.fxgl.io.FileSystemService, class com.almasb.fxgl.localization.LocalizationService, class com.almasb.fxgl.app.services.SystemBundleService, class com.almasb.fxgl.profile.SaveLoadService, class com.almasb.fxgl.ui.FXGLUIFactoryServiceProvider, class com.almasb.fxgl.ui.FXGLDialogFactoryServiceProvider, class com.almasb.fxgl.audio.AudioPlayer, class com.almasb.fxgl.notification.impl.NotificationServiceProvider, class com.almasb.fxgl.achievement.AchievementService, class com.almasb.fxgl.cutscene.CutsceneService, class com.almasb.fxgl.minigames.MiniGameService, class com.almasb.fxgl.net.NetService, class com.almasb.fxgl.app.services.UpdaterService, class com.almasb.fxgl.dev.DevService]
15:53:23.961 [FXGL Background Thread 3 ] DEBUG Engine               - fontGame: Abel-Regular.ttf
15:53:23.961 [FXGL Background Thread 3 ] DEBUG Engine               - fontMono: TerminalLandMono-Regular.otf
15:53:23.961 [FXGL Background Thread 3 ] DEBUG Engine               - fontText: Courier-Prime.ttf
15:53:23.961 [FXGL Background Thread 3 ] DEBUG Engine               - fontUI: VarelaRound-Regular.ttf
15:53:23.961 [FXGL Background Thread 3 ] DEBUG Engine               - fullScreen: BooleanProperty [value: false]
15:53:23.961 [FXGL Background Thread 3 ] DEBUG Engine               - gameDifficulty: MEDIUM
15:53:23.961 [FXGL Background Thread 3 ] DEBUG Engine               - gameDifficultyProperty: ObjectProperty [value: MEDIUM]
15:53:23.961 [FXGL Background Thread 3 ] DEBUG Engine               - globalMusicVolume: 0.5
15:53:23.962 [FXGL Background Thread 3 ] DEBUG Engine               - globalMusicVolumeProperty: DoubleProperty [value: 0.5]
15:53:23.962 [FXGL Background Thread 3 ] DEBUG Engine               - globalSoundVolume: 0.5
15:53:23.962 [FXGL Background Thread 3 ] DEBUG Engine               - globalSoundVolumeProperty: DoubleProperty [value: 0.5]
15:53:23.962 [FXGL Background Thread 3 ] DEBUG Engine               - height: 600
15:53:23.962 [FXGL Background Thread 3 ] DEBUG Engine               - is3D: false
15:53:23.962 [FXGL Background Thread 3 ] DEBUG Engine               - isAndroid: false
15:53:23.962 [FXGL Background Thread 3 ] DEBUG Engine               - isBrowser: false
15:53:23.962 [FXGL Background Thread 3 ] DEBUG Engine               - isClickFeedbackEnabled: false
15:53:23.962 [FXGL Background Thread 3 ] DEBUG Engine               - isCloseConfirmation: false
15:53:23.962 [FXGL Background Thread 3 ] DEBUG Engine               - isDesktop: true
15:53:23.962 [FXGL Background Thread 3 ] DEBUG Engine               - isDeveloperMenuEnabled: false
15:53:23.962 [FXGL Background Thread 3 ] DEBUG Engine               - isEmbedded: false
15:53:23.963 [FXGL Background Thread 3 ] DEBUG Engine               - isEntityPreloadEnabled: true
15:53:23.963 [FXGL Background Thread 3 ] DEBUG Engine               - isExperimentalTiledLargeMap: false
15:53:23.963 [FXGL Background Thread 3 ] DEBUG Engine               - isFileSystemWriteAllowed: true
15:53:23.963 [FXGL Background Thread 3 ] DEBUG Engine               - isFullScreenAllowed: false
15:53:23.963 [FXGL Background Thread 3 ] DEBUG Engine               - isFullScreenFromStart: false
15:53:23.963 [FXGL Background Thread 3 ] DEBUG Engine               - isGameMenuEnabled: true
15:53:23.963 [FXGL Background Thread 3 ] DEBUG Engine               - isIOS: false
15:53:23.963 [FXGL Background Thread 3 ] DEBUG Engine               - isIntroEnabled: false
15:53:23.963 [FXGL Background Thread 3 ] DEBUG Engine               - isLinux: false
15:53:23.963 [FXGL Background Thread 3 ] DEBUG Engine               - isMac: false
15:53:23.963 [FXGL Background Thread 3 ] DEBUG Engine               - isMainMenuEnabled: false
15:53:23.963 [FXGL Background Thread 3 ] DEBUG Engine               - isManualResizeEnabled: false
15:53:23.964 [FXGL Background Thread 3 ] DEBUG Engine               - isMobile: false
15:53:23.964 [FXGL Background Thread 3 ] DEBUG Engine               - isNative: false
15:53:23.964 [FXGL Background Thread 3 ] DEBUG Engine               - isPauseMusicWhenMinimized: true
15:53:23.964 [FXGL Background Thread 3 ] DEBUG Engine               - isPreserveResizeRatio: false
15:53:23.964 [FXGL Background Thread 3 ] DEBUG Engine               - isProfilingEnabled: false
15:53:23.964 [FXGL Background Thread 3 ] DEBUG Engine               - isScaleAffectedOnResize: true
15:53:23.964 [FXGL Background Thread 3 ] DEBUG Engine               - isSingleStep: false
15:53:23.964 [FXGL Background Thread 3 ] DEBUG Engine               - isUserProfileEnabled: false
15:53:23.964 [FXGL Background Thread 3 ] DEBUG Engine               - isWindows: true
15:53:23.964 [FXGL Background Thread 3 ] DEBUG Engine               - language: ObjectProperty [value: ENGLISH]
15:53:23.965 [FXGL Background Thread 3 ] DEBUG Engine               - menuKey: ESCAPE
15:53:23.965 [FXGL Background Thread 3 ] DEBUG Engine               - mouseSensitivity: 0.2
15:53:23.965 [FXGL Background Thread 3 ] DEBUG Engine               - notificationViewClass: class com.almasb.fxgl.notification.view.XboxNotificationView
15:53:23.965 [FXGL Background Thread 3 ] DEBUG Engine               - pixelsPerMeter: 50.0
15:53:23.965 [FXGL Background Thread 3 ] DEBUG Engine               - platform: WINDOWS
15:53:23.965 [FXGL Background Thread 3 ] DEBUG Engine               - prefHeightProperty: ReadOnlyDoubleProperty [value: 600.0]
15:53:23.965 [FXGL Background Thread 3 ] DEBUG Engine               - prefWidthProperty: ReadOnlyDoubleProperty [value: 800.0]
15:53:23.965 [FXGL Background Thread 3 ] DEBUG Engine               - profileDir: profiles/
15:53:23.965 [FXGL Background Thread 3 ] DEBUG Engine               - profileName: StringProperty [value: DEFAULT]
15:53:23.966 [FXGL Background Thread 3 ] DEBUG Engine               - randomSeed: -1
15:53:23.966 [FXGL Background Thread 3 ] DEBUG Engine               - runtimeInfo: RuntimeInfo(platform=WINDOWS, version=17.2, build=20.08.2022 16.50)
15:53:23.966 [FXGL Background Thread 3 ] DEBUG Engine               - saveFileExt: sav
15:53:23.966 [FXGL Background Thread 3 ] DEBUG Engine               - scaledHeightProp$fxgl: DoubleProperty [bound, value: 600.0]
15:53:23.966 [FXGL Background Thread 3 ] DEBUG Engine               - scaledWidthProp$fxgl: DoubleProperty [bound, value: 800.0]
15:53:23.966 [FXGL Background Thread 3 ] DEBUG Engine               - sceneFactory: com.almasb.fxgl.app.scene.SceneFactory@36fbb49e
15:53:23.967 [FXGL Background Thread 3 ] DEBUG Engine               - secondsIn24h: 60
15:53:23.967 [FXGL Background Thread 3 ] DEBUG Engine               - soundMenuBack: menu/back.wav
15:53:23.967 [FXGL Background Thread 3 ] DEBUG Engine               - soundMenuPress: menu/press.wav
15:53:23.967 [FXGL Background Thread 3 ] DEBUG Engine               - soundMenuSelect: menu/select.wav
15:53:23.967 [FXGL Background Thread 3 ] DEBUG Engine               - soundNotification: core/notification.wav
15:53:23.967 [FXGL Background Thread 3 ] DEBUG Engine               - stageStyle: DECORATED
15:53:23.967 [FXGL Background Thread 3 ] DEBUG Engine               - supportedLanguages: [ENGLISH, FRENCH, GERMAN, HUNGARIAN, RUSSIAN]
15:53:23.967 [FXGL Background Thread 3 ] DEBUG Engine               - ticksPerSecond: -1
15:53:23.967 [FXGL Background Thread 3 ] DEBUG Engine               - title: Geometry Wars
15:53:23.967 [FXGL Background Thread 3 ] DEBUG Engine               - urlGithub: https://github.com/AlmasB/FXGL
15:53:23.967 [FXGL Background Thread 3 ] DEBUG Engine               - urlLeaderboard: http://fxgl-top.herokuapp.com/
15:53:23.967 [FXGL Background Thread 3 ] DEBUG Engine               - urlPOM: https://raw.githubusercontent.com/AlmasB/FXGL/release/README.md
15:53:23.967 [FXGL Background Thread 3 ] DEBUG Engine               - userAppClass: class com.example.fxgltest.GeoWarsApp
15:53:23.967 [FXGL Background Thread 3 ] DEBUG Engine               - version: 0.0
15:53:23.968 [FXGL Background Thread 3 ] DEBUG Engine               - versionCheckDays: 7
15:53:23.968 [FXGL Background Thread 3 ] DEBUG Engine               - width: 800
15:53:23.968 [FXGL Background Thread 3 ] DEBUG Engine               - Logging services
15:53:23.968 [FXGL Background Thread 3 ] DEBUG Engine               - class com.almasb.fxgl.app.services.FXGLAssetLoaderService
15:53:23.968 [FXGL Background Thread 3 ] DEBUG Engine               - class com.almasb.fxgl.app.FXGLApplication$GameApplicationService
15:53:23.968 [FXGL Background Thread 3 ] DEBUG Engine               - class com.almasb.fxgl.app.services.FXGLDialogService
15:53:23.968 [FXGL Background Thread 3 ] DEBUG Engine               - class com.almasb.fxgl.app.services.IOTaskExecutorService
15:53:23.968 [FXGL Background Thread 3 ] DEBUG Engine               - class com.almasb.fxgl.io.FileSystemService
15:53:23.968 [FXGL Background Thread 3 ] DEBUG Engine               - class com.almasb.fxgl.localization.LocalizationService
15:53:23.968 [FXGL Background Thread 3 ] DEBUG Engine               - class com.almasb.fxgl.app.services.SystemBundleService
15:53:23.968 [FXGL Background Thread 3 ] DEBUG Engine               - class com.almasb.fxgl.profile.SaveLoadService
15:53:23.968 [FXGL Background Thread 3 ] DEBUG Engine               - class com.almasb.fxgl.ui.FXGLUIFactoryServiceProvider
15:53:23.968 [FXGL Background Thread 3 ] DEBUG Engine               - class com.almasb.fxgl.ui.FXGLDialogFactoryServiceProvider
15:53:23.968 [FXGL Background Thread 3 ] DEBUG Engine               - class com.almasb.fxgl.audio.AudioPlayer
15:53:23.968 [FXGL Background Thread 3 ] DEBUG Engine               - class com.almasb.fxgl.notification.impl.NotificationServiceProvider
15:53:23.969 [FXGL Background Thread 3 ] DEBUG Engine               - class com.almasb.fxgl.achievement.AchievementService
15:53:23.969 [FXGL Background Thread 3 ] DEBUG Engine               - class com.almasb.fxgl.cutscene.CutsceneService
15:53:23.969 [FXGL Background Thread 3 ] DEBUG Engine               - class com.almasb.fxgl.minigames.MiniGameService
15:53:23.969 [FXGL Background Thread 3 ] DEBUG Engine               - class com.almasb.fxgl.net.NetService
15:53:23.969 [FXGL Background Thread 3 ] DEBUG Engine               - class com.almasb.fxgl.app.services.UpdaterService
15:53:23.969 [FXGL Background Thread 3 ] DEBUG Engine               - class com.almasb.fxgl.dev.DevService
15:53:42.682 [JavaFX Application Thread] DEBUG FXGLApplication      - Exiting FXGL
15:53:42.682 [JavaFX Application Thread] DEBUG LoopRunner           - Stopping loop
15:53:42.682 [JavaFX Application Thread] DEBUG SystemBundleService  - Saving FXGL system data
15:53:42.685 [JavaFX Application Thread] DEBUG FileSystemAccess     - Writing to: D:\java\Test\FXGLTest\system\fxgl.bundle
15:53:42.687 [JavaFX Application Thread] DEBUG Async                - Shutting down background threads
15:53:42.687 [JavaFX Application Thread] DEBUG PrimaryStageWindow   - Closing main window
15:53:42.701 [JavaFX Application Thread] DEBUG Logger               - Closing Logger
